This is pdfTeX, Version 3.14159265-2.6-1.40.15 (MiKTeX 2.9) (preloaded format=pdflatex 2015.2.18)  17 NOV 2015 14:27
entering extended mode
**Thesis_g12k1298
(Thesis_g12k1298.tex
LaTeX2e <2014/05/01>
Babel <3.9l> and hyphenation patterns for 68 languages loaded.
(newrucsthesis.cls
Document Class: newrucsthesis 2007/09/15 New RU Computer Science Class
("C:\Program Files (x86)\MiKTeX 2.9\tex\latex\graphics\graphicx.sty"
Package: graphicx 2014/10/28 v1.0g Enhanced LaTeX Graphics (DPC,SPQR)

("C:\Program Files (x86)\MiKTeX 2.9\tex\latex\graphics\keyval.sty"
Package: keyval 2014/10/28 v1.15 key=value parser (DPC)
\KV@toks@=\toks14
)
("C:\Program Files (x86)\MiKTeX 2.9\tex\latex\graphics\graphics.sty"
Package: graphics 2014/10/28 v1.0p Standard LaTeX Graphics (DPC,SPQR)

("C:\Program Files (x86)\MiKTeX 2.9\tex\latex\graphics\trig.sty"
Package: trig 1999/03/16 v1.09 sin cos tan (DPC)
)
("C:\Program Files (x86)\MiKTeX 2.9\tex\latex\00miktex\graphics.cfg"
File: graphics.cfg 2007/01/18 v1.5 graphics configuration of teTeX/TeXLive
)
Package graphics Info: Driver file: pdftex.def on input line 91.

("C:\Program Files (x86)\MiKTeX 2.9\tex\latex\pdftex-def\pdftex.def"
File: pdftex.def 2011/05/27 v0.06d Graphics/color for pdfTeX

("C:\Program Files (x86)\MiKTeX 2.9\tex\generic\oberdiek\infwarerr.sty"
Package: infwarerr 2010/04/08 v1.3 Providing info/warning/error messages (HO)
)
("C:\Program Files (x86)\MiKTeX 2.9\tex\generic\oberdiek\ltxcmds.sty"
Package: ltxcmds 2011/11/09 v1.22 LaTeX kernel commands for general use (HO)
)
\Gread@gobject=\count79
))
\Gin@req@height=\dimen102
\Gin@req@width=\dimen103
)
("C:\Program Files (x86)\MiKTeX 2.9\tex\latex\tools\calc.sty"
Package: calc 2014/10/28 v4.3 Infix arithmetic (KKT,FJ)
\calc@Acount=\count80
\calc@Bcount=\count81
\calc@Adimen=\dimen104
\calc@Bdimen=\dimen105
\calc@Askip=\skip41
\calc@Bskip=\skip42
LaTeX Info: Redefining \setlength on input line 75.
LaTeX Info: Redefining \addtolength on input line 76.
\calc@Ccount=\count82
\calc@Cskip=\skip43
)
("C:\Program Files (x86)\MiKTeX 2.9\tex\latex\fancybox\fancybox.sty"
Package: fancybox 2010/05/15 1.4

Style option: `fancybox' v1.4 <2010/05/15> (tvz)
\@fancybox=\box26
\shadowsize=\dimen106
\@Sbox=\box27
\do@VerbBox=\toks15
\the@fancyput=\toks16
\this@fancyput=\toks17
\EndVerbatimTokens=\toks18
\Verbatim@Outfile=\write3
\Verbatim@Infile=\read1
) ("C:\Program Files (x86)\MiKTeX 2.9\tex\latex\base\ifthen.sty"
Package: ifthen 2014/09/29 v1.1c Standard LaTeX ifthen package (DPC)
)
("C:\Program Files (x86)\MiKTeX 2.9\tex\latex\setspace\setspace.sty"
Package: setspace 2011/12/19 v6.7a set line spacing
)
("C:\Program Files (x86)\MiKTeX 2.9\tex\latex\fancyhdr\fancyhdr.sty"
\fancy@headwidth=\skip44
\f@ncyO@elh=\skip45
\f@ncyO@erh=\skip46
\f@ncyO@olh=\skip47
\f@ncyO@orh=\skip48
\f@ncyO@elf=\skip49
\f@ncyO@erf=\skip50
\f@ncyO@olf=\skip51
\f@ncyO@orf=\skip52
)
("C:\Program Files (x86)\MiKTeX 2.9\tex\latex\base\report.cls"
Document Class: report 2014/09/29 v1.4h Standard LaTeX document class
("C:\Program Files (x86)\MiKTeX 2.9\tex\latex\base\size12.clo"
File: size12.clo 2014/09/29 v1.4h Standard LaTeX file (size option)
)
\c@part=\count83
\c@chapter=\count84
\c@section=\count85
\c@subsection=\count86
\c@subsubsection=\count87
\c@paragraph=\count88
\c@subparagraph=\count89
\c@figure=\count90
\c@table=\count91
\abovecaptionskip=\skip53
\belowcaptionskip=\skip54
\bibindent=\dimen107
))
("C:\Program Files (x86)\MiKTeX 2.9\tex\latex\babel\babel.sty"
Package: babel 2014/09/25 3.9l The Babel package

*************************************
* Local config file bblopts.cfg used
*
("C:\Program Files (x86)\MiKTeX 2.9\tex\latex\00miktex\bblopts.cfg"
File: bblopts.cfg 2006/07/31 v1.0 MiKTeX 'babel' configuration
)
("C:\Program Files (x86)\MiKTeX 2.9\tex\latex\babel-english\english.ldf"
Language: english 2012/08/20 v3.3p English support from the babel system

("C:\Program Files (x86)\MiKTeX 2.9\tex\latex\babel\babel.def"
File: babel.def 2014/09/25 3.9l Babel common definitions
\babel@savecnt=\count92
\U@D=\dimen108
)
\l@canadian = a dialect from \language\l@american 
\l@australian = a dialect from \language\l@british 
\l@newzealand = a dialect from \language\l@british 
))
("C:\Program Files (x86)\MiKTeX 2.9\tex\latex\base\inputenc.sty"
Package: inputenc 2014/04/30 v1.2b Input encoding file
\inpenc@prehook=\toks19
\inpenc@posthook=\toks20

("C:\Program Files (x86)\MiKTeX 2.9\tex\latex\base\utf8.def"
File: utf8.def 2014/09/29 v1.1m UTF-8 support for inputenc
Now handling font encoding OML ...
... no UTF-8 mapping file for font encoding OML
Now handling font encoding T1 ...
... processing UTF-8 mapping file for font encoding T1

("C:\Program Files (x86)\MiKTeX 2.9\tex\latex\base\t1enc.dfu"
File: t1enc.dfu 2014/09/29 v1.1m UTF-8 support for inputenc
   defining Unicode char U+00A1 (decimal 161)
   defining Unicode char U+00A3 (decimal 163)
   defining Unicode char U+00AB (decimal 171)
   defining Unicode char U+00BB (decimal 187)
   defining Unicode char U+00BF (decimal 191)
   defining Unicode char U+00C0 (decimal 192)
   defining Unicode char U+00C1 (decimal 193)
   defining Unicode char U+00C2 (decimal 194)
   defining Unicode char U+00C3 (decimal 195)
   defining Unicode char U+00C4 (decimal 196)
   defining Unicode char U+00C5 (decimal 197)
   defining Unicode char U+00C6 (decimal 198)
   defining Unicode char U+00C7 (decimal 199)
   defining Unicode char U+00C8 (decimal 200)
   defining Unicode char U+00C9 (decimal 201)
   defining Unicode char U+00CA (decimal 202)
   defining Unicode char U+00CB (decimal 203)
   defining Unicode char U+00CC (decimal 204)
   defining Unicode char U+00CD (decimal 205)
   defining Unicode char U+00CE (decimal 206)
   defining Unicode char U+00CF (decimal 207)
   defining Unicode char U+00D0 (decimal 208)
   defining Unicode char U+00D1 (decimal 209)
   defining Unicode char U+00D2 (decimal 210)
   defining Unicode char U+00D3 (decimal 211)
   defining Unicode char U+00D4 (decimal 212)
   defining Unicode char U+00D5 (decimal 213)
   defining Unicode char U+00D6 (decimal 214)
   defining Unicode char U+00D8 (decimal 216)
   defining Unicode char U+00D9 (decimal 217)
   defining Unicode char U+00DA (decimal 218)
   defining Unicode char U+00DB (decimal 219)
   defining Unicode char U+00DC (decimal 220)
   defining Unicode char U+00DD (decimal 221)
   defining Unicode char U+00DE (decimal 222)
   defining Unicode char U+00DF (decimal 223)
   defining Unicode char U+00E0 (decimal 224)
   defining Unicode char U+00E1 (decimal 225)
   defining Unicode char U+00E2 (decimal 226)
   defining Unicode char U+00E3 (decimal 227)
   defining Unicode char U+00E4 (decimal 228)
   defining Unicode char U+00E5 (decimal 229)
   defining Unicode char U+00E6 (decimal 230)
   defining Unicode char U+00E7 (decimal 231)
   defining Unicode char U+00E8 (decimal 232)
   defining Unicode char U+00E9 (decimal 233)
   defining Unicode char U+00EA (decimal 234)
   defining Unicode char U+00EB (decimal 235)
   defining Unicode char U+00EC (decimal 236)
   defining Unicode char U+00ED (decimal 237)
   defining Unicode char U+00EE (decimal 238)
   defining Unicode char U+00EF (decimal 239)
   defining Unicode char U+00F0 (decimal 240)
   defining Unicode char U+00F1 (decimal 241)
   defining Unicode char U+00F2 (decimal 242)
   defining Unicode char U+00F3 (decimal 243)
   defining Unicode char U+00F4 (decimal 244)
   defining Unicode char U+00F5 (decimal 245)
   defining Unicode char U+00F6 (decimal 246)
   defining Unicode char U+00F8 (decimal 248)
   defining Unicode char U+00F9 (decimal 249)
   defining Unicode char U+00FA (decimal 250)
   defining Unicode char U+00FB (decimal 251)
   defining Unicode char U+00FC (decimal 252)
   defining Unicode char U+00FD (decimal 253)
   defining Unicode char U+00FE (decimal 254)
   defining Unicode char U+00FF (decimal 255)
   defining Unicode char U+0102 (decimal 258)
   defining Unicode char U+0103 (decimal 259)
   defining Unicode char U+0104 (decimal 260)
   defining Unicode char U+0105 (decimal 261)
   defining Unicode char U+0106 (decimal 262)
   defining Unicode char U+0107 (decimal 263)
   defining Unicode char U+010C (decimal 268)
   defining Unicode char U+010D (decimal 269)
   defining Unicode char U+010E (decimal 270)
   defining Unicode char U+010F (decimal 271)
   defining Unicode char U+0110 (decimal 272)
   defining Unicode char U+0111 (decimal 273)
   defining Unicode char U+0118 (decimal 280)
   defining Unicode char U+0119 (decimal 281)
   defining Unicode char U+011A (decimal 282)
   defining Unicode char U+011B (decimal 283)
   defining Unicode char U+011E (decimal 286)
   defining Unicode char U+011F (decimal 287)
   defining Unicode char U+0130 (decimal 304)
   defining Unicode char U+0131 (decimal 305)
   defining Unicode char U+0132 (decimal 306)
   defining Unicode char U+0133 (decimal 307)
   defining Unicode char U+0139 (decimal 313)
   defining Unicode char U+013A (decimal 314)
   defining Unicode char U+013D (decimal 317)
   defining Unicode char U+013E (decimal 318)
   defining Unicode char U+0141 (decimal 321)
   defining Unicode char U+0142 (decimal 322)
   defining Unicode char U+0143 (decimal 323)
   defining Unicode char U+0144 (decimal 324)
   defining Unicode char U+0147 (decimal 327)
   defining Unicode char U+0148 (decimal 328)
   defining Unicode char U+014A (decimal 330)
   defining Unicode char U+014B (decimal 331)
   defining Unicode char U+0150 (decimal 336)
   defining Unicode char U+0151 (decimal 337)
   defining Unicode char U+0152 (decimal 338)
   defining Unicode char U+0153 (decimal 339)
   defining Unicode char U+0154 (decimal 340)
   defining Unicode char U+0155 (decimal 341)
   defining Unicode char U+0158 (decimal 344)
   defining Unicode char U+0159 (decimal 345)
   defining Unicode char U+015A (decimal 346)
   defining Unicode char U+015B (decimal 347)
   defining Unicode char U+015E (decimal 350)
   defining Unicode char U+015F (decimal 351)
   defining Unicode char U+0160 (decimal 352)
   defining Unicode char U+0161 (decimal 353)
   defining Unicode char U+0162 (decimal 354)
   defining Unicode char U+0163 (decimal 355)
   defining Unicode char U+0164 (decimal 356)
   defining Unicode char U+0165 (decimal 357)
   defining Unicode char U+016E (decimal 366)
   defining Unicode char U+016F (decimal 367)
   defining Unicode char U+0170 (decimal 368)
   defining Unicode char U+0171 (decimal 369)
   defining Unicode char U+0178 (decimal 376)
   defining Unicode char U+0179 (decimal 377)
   defining Unicode char U+017A (decimal 378)
   defining Unicode char U+017B (decimal 379)
   defining Unicode char U+017C (decimal 380)
   defining Unicode char U+017D (decimal 381)
   defining Unicode char U+017E (decimal 382)
   defining Unicode char U+200C (decimal 8204)
   defining Unicode char U+2013 (decimal 8211)
   defining Unicode char U+2014 (decimal 8212)
   defining Unicode char U+2018 (decimal 8216)
   defining Unicode char U+2019 (decimal 8217)
   defining Unicode char U+201A (decimal 8218)
   defining Unicode char U+201C (decimal 8220)
   defining Unicode char U+201D (decimal 8221)
   defining Unicode char U+201E (decimal 8222)
   defining Unicode char U+2030 (decimal 8240)
   defining Unicode char U+2031 (decimal 8241)
   defining Unicode char U+2039 (decimal 8249)
   defining Unicode char U+203A (decimal 8250)
   defining Unicode char U+2423 (decimal 9251)
)
Now handling font encoding OT1 ...
... processing UTF-8 mapping file for font encoding OT1

("C:\Program Files (x86)\MiKTeX 2.9\tex\latex\base\ot1enc.dfu"
File: ot1enc.dfu 2014/09/29 v1.1m UTF-8 support for inputenc
   defining Unicode char U+00A1 (decimal 161)
   defining Unicode char U+00A3 (decimal 163)
   defining Unicode char U+00B8 (decimal 184)
   defining Unicode char U+00BF (decimal 191)
   defining Unicode char U+00C5 (decimal 197)
   defining Unicode char U+00C6 (decimal 198)
   defining Unicode char U+00D8 (decimal 216)
   defining Unicode char U+00DF (decimal 223)
   defining Unicode char U+00E6 (decimal 230)
   defining Unicode char U+00EC (decimal 236)
   defining Unicode char U+00ED (decimal 237)
   defining Unicode char U+00EE (decimal 238)
   defining Unicode char U+00EF (decimal 239)
   defining Unicode char U+00F8 (decimal 248)
   defining Unicode char U+0131 (decimal 305)
   defining Unicode char U+0141 (decimal 321)
   defining Unicode char U+0142 (decimal 322)
   defining Unicode char U+0152 (decimal 338)
   defining Unicode char U+0153 (decimal 339)
   defining Unicode char U+2013 (decimal 8211)
   defining Unicode char U+2014 (decimal 8212)
   defining Unicode char U+2018 (decimal 8216)
   defining Unicode char U+2019 (decimal 8217)
   defining Unicode char U+201C (decimal 8220)
   defining Unicode char U+201D (decimal 8221)
)
Now handling font encoding OMS ...
... processing UTF-8 mapping file for font encoding OMS

("C:\Program Files (x86)\MiKTeX 2.9\tex\latex\base\omsenc.dfu"
File: omsenc.dfu 2014/09/29 v1.1m UTF-8 support for inputenc
   defining Unicode char U+00A7 (decimal 167)
   defining Unicode char U+00B6 (decimal 182)
   defining Unicode char U+00B7 (decimal 183)
   defining Unicode char U+2020 (decimal 8224)
   defining Unicode char U+2021 (decimal 8225)
   defining Unicode char U+2022 (decimal 8226)
)
Now handling font encoding OMX ...
... no UTF-8 mapping file for font encoding OMX
Now handling font encoding U ...
... no UTF-8 mapping file for font encoding U
   defining Unicode char U+00A9 (decimal 169)
   defining Unicode char U+00AA (decimal 170)
   defining Unicode char U+00AE (decimal 174)
   defining Unicode char U+00BA (decimal 186)
   defining Unicode char U+02C6 (decimal 710)
   defining Unicode char U+02DC (decimal 732)
   defining Unicode char U+200C (decimal 8204)
   defining Unicode char U+2026 (decimal 8230)
   defining Unicode char U+2122 (decimal 8482)
   defining Unicode char U+2423 (decimal 9251)
))
("C:\Program Files (x86)\MiKTeX 2.9\tex\latex\mathtools\mathtools.sty"
Package: mathtools 2014/07/16 v1.15 mathematical typesetting tools

("C:\Program Files (x86)\MiKTeX 2.9\tex\latex\mathtools\mhsetup.sty"
Package: mhsetup 2010/01/21 v1.2a programming setup (MH)
)
("C:\Program Files (x86)\MiKTeX 2.9\tex\latex\amsmath\amsmath.sty"
Package: amsmath 2013/01/14 v2.14 AMS math features
\@mathmargin=\skip55

For additional information on amsmath, use the `?' option.
("C:\Program Files (x86)\MiKTeX 2.9\tex\latex\amsmath\amstext.sty"
Package: amstext 2000/06/29 v2.01

("C:\Program Files (x86)\MiKTeX 2.9\tex\latex\amsmath\amsgen.sty"
File: amsgen.sty 1999/11/30 v2.0
\@emptytoks=\toks21
\ex@=\dimen109
))
("C:\Program Files (x86)\MiKTeX 2.9\tex\latex\amsmath\amsbsy.sty"
Package: amsbsy 1999/11/29 v1.2d
\pmbraise@=\dimen110
)
("C:\Program Files (x86)\MiKTeX 2.9\tex\latex\amsmath\amsopn.sty"
Package: amsopn 1999/12/14 v2.01 operator names
)
\inf@bad=\count93
LaTeX Info: Redefining \frac on input line 210.
\uproot@=\count94
\leftroot@=\count95
LaTeX Info: Redefining \overline on input line 306.
\classnum@=\count96
\DOTSCASE@=\count97
LaTeX Info: Redefining \ldots on input line 378.
LaTeX Info: Redefining \dots on input line 381.
LaTeX Info: Redefining \cdots on input line 466.
\Mathstrutbox@=\box28
\strutbox@=\box29
\big@size=\dimen111
LaTeX Font Info:    Redeclaring font encoding OML on input line 566.
LaTeX Font Info:    Redeclaring font encoding OMS on input line 567.
\macc@depth=\count98
\c@MaxMatrixCols=\count99
\dotsspace@=\muskip10
\c@parentequation=\count100
\dspbrk@lvl=\count101
\tag@help=\toks22
\row@=\count102
\column@=\count103
\maxfields@=\count104
\andhelp@=\toks23
\eqnshift@=\dimen112
\alignsep@=\dimen113
\tagshift@=\dimen114
\tagwidth@=\dimen115
\totwidth@=\dimen116
\lineht@=\dimen117
\@envbody=\toks24
\multlinegap=\skip56
\multlinetaggap=\skip57
\mathdisplay@stack=\toks25
LaTeX Info: Redefining \[ on input line 2665.
LaTeX Info: Redefining \] on input line 2666.
)
LaTeX Info: Thecontrolsequence`\['isalreadyrobust on input line 129.
LaTeX Info: Thecontrolsequence`\]'isalreadyrobust on input line 129.
\g_MT_multlinerow_int=\count105
\l_MT_multwidth_dim=\dimen118
\origjot=\skip58
\l_MT_shortvdotswithinadjustabove_dim=\dimen119
\l_MT_shortvdotswithinadjustbelow_dim=\dimen120
\l_MT_above_intertext_sep=\dimen121
\l_MT_below_intertext_sep=\dimen122
\l_MT_above_shortintertext_sep=\dimen123
\l_MT_below_shortintertext_sep=\dimen124
)
("C:\Program Files (x86)\MiKTeX 2.9\tex\latex\psnfss\courier.sty"
Package: courier 2005/04/12 PSNFSS-v9.2a (WaS) 
)
("C:\Program Files (x86)\MiKTeX 2.9\tex\latex\tools\enumerate.sty"
Package: enumerate 2014/10/28 v3.00 enumerate extensions (DPC)
\@enLab=\toks26
)
("C:\Program Files (x86)\MiKTeX 2.9\tex\latex\lastpage\lastpage.sty"
Package: lastpage 2013/01/28 v1.2l Refers to last page's name (HMM; JPG)
)
("C:\Program Files (x86)\MiKTeX 2.9\tex\latex\csquotes\csquotes.sty"
Package: csquotes 2011/10/22 v5.1d context-sensitive quotations

("C:\Program Files (x86)\MiKTeX 2.9\tex\latex\etoolbox\etoolbox.sty"
Package: etoolbox 2011/01/03 v2.1 e-TeX tools for LaTeX

("C:\Program Files (x86)\MiKTeX 2.9\tex\latex\misc\etex.sty"
Package: etex 1998/03/26 v2.0 eTeX basic definition package (PEB)
\et@xins=\count106
)
\etb@tempcnta=\count107
)
\csq@reset=\count108
\csq@gtype=\count109
\csq@glevel=\count110
\csq@qlevel=\count111
\csq@maxlvl=\count112
\csq@tshold=\count113
\csq@ltx@everypar=\toks27

("C:\Program Files (x86)\MiKTeX 2.9\tex\latex\csquotes\csquotes.def"
File: csquotes.def 2011/10/22 v5.1d csquotes generic definitions
)
Package csquotes Info: Trying to load configuration file 'csquotes.cfg'...
Package csquotes Info: ... configuration file loaded successfully.

("C:\Program Files (x86)\MiKTeX 2.9\tex\latex\csquotes\csquotes.cfg"
File: csquotes.cfg 
)
Package csquotes Info: Enabling multilingual quotes.
Package csquotes Info: Redefining alias 'english' -> 'english/american'.
)
("C:\Program Files (x86)\MiKTeX 2.9\tex\latex\url\url.sty"
\Urlmuskip=\muskip11
Package: url 2013/09/16  ver 3.4  Verb mode for urls, etc.
)
("C:\Program Files (x86)\MiKTeX 2.9\tex\latex\float\float.sty"
Package: float 2001/11/08 v1.3d Float enhancements (AL)
\c@float@type=\count114
\float@exts=\toks28
\float@box=\box30
\@float@everytoks=\toks29
\@floatcapt=\box31
)
("C:\Program Files (x86)\MiKTeX 2.9\tex\latex\listings\listings.sty"
\lst@mode=\count115
\lst@gtempboxa=\box32
\lst@token=\toks30
\lst@length=\count116
\lst@currlwidth=\dimen125
\lst@column=\count117
\lst@pos=\count118
\lst@lostspace=\dimen126
\lst@width=\dimen127
\lst@newlines=\count119
\lst@lineno=\count120
\lst@maxwidth=\dimen128

("C:\Program Files (x86)\MiKTeX 2.9\tex\latex\listings\lstmisc.sty"
File: lstmisc.sty 2014/09/06 1.5e (Carsten Heinz)
\c@lstnumber=\count121
\lst@skipnumbers=\count122
\lst@framebox=\box33
)
("C:\Program Files (x86)\MiKTeX 2.9\tex\latex\listings\listings.cfg"
File: listings.cfg 2014/09/06 1.5e listings configuration
))
Package: listings 2014/09/06 1.5e (Carsten Heinz)

("C:\Program Files (x86)\MiKTeX 2.9\tex\latex\graphics\color.sty"
Package: color 2014/10/28 v1.1a Standard LaTeX Color (DPC)

("C:\Program Files (x86)\MiKTeX 2.9\tex\latex\00miktex\color.cfg"
File: color.cfg 2007/01/18 v1.5 color configuration of teTeX/TeXLive
)
Package color Info: Driver file: pdftex.def on input line 137.
)
\@float@every@figure=\toks31
Package csquotes Info: Checking for multilingual support...
Package csquotes Info: ... found 'babel' package.

(Thesis_g12k1298.aux)
LaTeX Font Info:    Checking defaults for OML/cmm/m/it on input line 55.
LaTeX Font Info:    ... okay on input line 55.
LaTeX Font Info:    Checking defaults for T1/cmr/m/n on input line 55.
LaTeX Font Info:    ... okay on input line 55.
LaTeX Font Info:    Checking defaults for OT1/cmr/m/n on input line 55.
LaTeX Font Info:    ... okay on input line 55.
LaTeX Font Info:    Checking defaults for OMS/cmsy/m/n on input line 55.
LaTeX Font Info:    ... okay on input line 55.
LaTeX Font Info:    Checking defaults for OMX/cmex/m/n on input line 55.
LaTeX Font Info:    ... okay on input line 55.
LaTeX Font Info:    Checking defaults for U/cmr/m/n on input line 55.
LaTeX Font Info:    ... okay on input line 55.

("C:\Program Files (x86)\MiKTeX 2.9\tex\context\base\supp-pdf.mkii"
[Loading MPS to PDF converter (version 2006.09.02).]
\scratchcounter=\count123
\scratchdimen=\dimen129
\scratchbox=\box34
\nofMPsegments=\count124
\nofMParguments=\count125
\everyMPshowfont=\toks32
\MPscratchCnt=\count126
\MPscratchDim=\dimen130
\MPnumerator=\count127
\makeMPintoPDFobject=\count128
\everyMPtoPDFconversion=\toks33
)
Package lastpage Info: Please have a look at the pageslts package at
(lastpage)             http://www.ctan.org/tex-archive/ 
(lastpage)             macros/latex/contrib/pageslts/ 
(lastpage)             or
(lastpage)             http://www.ctan.org/tex-archive/ 
(lastpage)             install/macros/latex/contrib/pageslts.tds.zip
(lastpage)             ! on input line 55.
\c@lstlisting=\count129
 (Chapters/Thesis_title_g12k1298.tex
<images/Crest.png, id=1, 215.30438pt x 132.495pt>
File: images/Crest.png Graphic file (type png)
 <use images/Crest.png>
Package pdftex.def Info: images/Crest.png used on input line 25.
(pdftex.def)             Requested size: 182.09486pt x 112.06125pt.

[1

{C:/ProgramData/MiKTeX/2.9/pdftex/config/pdftex.map} <./images/Crest.png>])
[1]
Overfull \hbox (26.22726pt too wide) in paragraph at lines 81--82
[]\OT1/cmr/m/n/12 Mathematics of computing---Mathematical analysis---Numerical 
analysis---Computations
 []

LaTeX Font Info:    Try loading font information for OMS+cmr on input line 87.
("C:\Program Files (x86)\MiKTeX 2.9\tex\latex\base\omscmr.fd"
File: omscmr.fd 2014/09/29 v2.5h Standard LaTeX font definitions
)
LaTeX Font Info:    Font shape `OMS/cmr/m/n' in size <12> not available
(Font)              Font shape `OMS/cmsy/m/n' tried instead on input line 87.
 [2]
Underfull \hbox (badness 10000) in paragraph at lines 95--99

 []

[3] (Thesis_g12k1298.toc [4

] [5])
\tf@toc=\write4
 [6] (Thesis_g12k1298.lof [7

])
\tf@lof=\write5
 [8]
Chapter 1.
(chapters/introduction.tex
Underfull \hbox (badness 10000) in paragraph at lines 3--8

 []


Underfull \hbox (badness 10000) in paragraph at lines 9--13

 []


Underfull \hbox (badness 10000) in paragraph at lines 14--21

 []

[1

]
Underfull \hbox (badness 10000) in paragraph at lines 22--28

 []


Underfull \hbox (badness 10000) in paragraph at lines 29--33

 []


Underfull \hbox (badness 10000) in paragraph at lines 34--39

 []


Underfull \hbox (badness 10000) in paragraph at lines 40--45

 []


Underfull \hbox (badness 10000) in paragraph at lines 46--52

 []

[2]
Underfull \hbox (badness 10000) in paragraph at lines 53--56

 []


Underfull \hbox (badness 10000) in paragraph at lines 65--71

 []

[3]
Underfull \hbox (badness 10000) in paragraph at lines 99--104

 []


Underfull \hbox (badness 10000) in paragraph at lines 105--109

 []

[4]
Underfull \hbox (badness 10000) in paragraph at lines 115--119

 []


Underfull \hbox (badness 10000) in paragraph at lines 127--131

 []

[5]
Underfull \hbox (badness 10000) in paragraph at lines 138--141

 []


Underfull \hbox (badness 10000) in paragraph at lines 142--145

 []


Underfull \hbox (badness 10000) in paragraph at lines 146--150

 []

) [6]
Chapter 2.
(chapters/Lit_rev.tex
Underfull \hbox (badness 10000) in paragraph at lines 3--7

 []


Underfull \hbox (badness 10000) in paragraph at lines 8--11

 []


Underfull \hbox (badness 10000) in paragraph at lines 12--14

 []


Underfull \hbox (badness 10000) in paragraph at lines 15--17

 []


Underfull \hbox (badness 10000) in paragraph at lines 19--22

 []

[7

]
Underfull \hbox (badness 10000) in paragraph at lines 24--28

 []


Underfull \hbox (badness 10000) in paragraph at lines 30--35

 []

[8]
Underfull \hbox (badness 10000) in paragraph at lines 46--49

 []


Underfull \hbox (badness 10000) in paragraph at lines 50--55

 []


Underfull \hbox (badness 10000) in paragraph at lines 56--63

 []

[9]
Underfull \hbox (badness 10000) in paragraph at lines 73--76

 []


Underfull \hbox (badness 10000) in paragraph at lines 77--88

 []

<images/training_set_permitted.png, id=67, 337.26pt x 334.24875pt>
File: images/training_set_permitted.png Graphic file (type png)

<use images/training_set_permitted.png>
Package pdftex.def Info: images/training_set_permitted.png used on input line 1
02.
(pdftex.def)             Requested size: 298.7607pt x 298.7759pt.
 [10] [11 <./images/training_set_permitted.png>] <images/mean_image.png, id=80,
 112.42pt x 148.555pt>
File: images/mean_image.png Graphic file (type png)

<use images/mean_image.png>
Package pdftex.def Info: images/mean_image.png used on input line 123.
(pdftex.def)             Requested size: 200.77425pt x 271.05507pt.
 [12 <./images/mean_image.png (PNG copy)>]
Underfull \hbox (badness 10000) in paragraph at lines 161--165

 []

[13]
Underfull \hbox (badness 10000) in paragraph at lines 179--180

 []


Underfull \hbox (badness 10000) in paragraph at lines 181--184

 []


Underfull \hbox (badness 10000) in paragraph at lines 198--202

 []


Underfull \hbox (badness 10000) in paragraph at lines 203--211

 []

[14]
Underfull \hbox (badness 10000) in paragraph at lines 218--225

 []


Underfull \hbox (badness 10000) in paragraph at lines 226--230

 []

[15]
Underfull \hbox (badness 10000) in paragraph at lines 243--246

 []


Underfull \hbox (badness 10000) in paragraph at lines 247--253

 []


Underfull \hbox (badness 10000) in paragraph at lines 258--263

 []


Underfull \hbox (badness 10000) in paragraph at lines 264--268

 []

[16]) [17]
Chapter 3.
(Chapters/Illumination.tex
Underfull \hbox (badness 10000) in paragraph at lines 2--6

 []

<images/image01.png, id=100, 2007.5pt x 1569.865pt>
File: images/image01.png Graphic file (type png)
 <use images/image01.png>
Package pdftex.def Info: images/image01.png used on input line 19.
(pdftex.def)             Requested size: 142.25475pt x 142.26387pt.

[18

]
Underfull \hbox (badness 10000) in paragraph at lines 37--39

 []

[19 <./images/image01.png>]
Underfull \hbox (badness 10000) in paragraph at lines 42--51

 []

[20] [21] [22] <images/MIE.png, id=122, 196.48407pt x 317.68687pt>
File: images/MIE.png Graphic file (type png)

<use images/MIE.png>
Package pdftex.def Info: images/MIE.png used on input line 166.
(pdftex.def)             Requested size: 213.41086pt x 341.46309pt.


LaTeX Warning: `!h' float specifier changed to `!ht'.


Underfull \hbox (badness 10000) in paragraph at lines 169--172

 []


Underfull \hbox (badness 10000) in paragraph at lines 173--177

 []


Underfull \hbox (badness 10000) in paragraph at lines 183--186

 []

[23]
Underfull \hbox (badness 10000) in paragraph at lines 187--193

 []

[24 <./images/MIE.png>]
<images/MIE_Compariosn.png, id=130, 294.34969pt x 319.94531pt>
File: images/MIE_Compariosn.png Graphic file (type png)

<use images/MIE_Compariosn.png>
Package pdftex.def Info: images/MIE_Compariosn.png used on input line 209.
(pdftex.def)             Requested size: 213.3958pt x 227.62654pt.

Underfull \hbox (badness 10000) in paragraph at lines 212--214

 []

[25 <./images/MIE_Compariosn.png>]
Underfull \hbox (badness 10000) in paragraph at lines 215--220

 []

<images/MIE_training_data_from_my_method.png, id=135, 277.035pt x 252.945pt>
File: images/MIE_training_data_from_my_method.png Graphic file (type png)

<use images/MIE_training_data_from_my_method.png>
Package pdftex.def Info: images/MIE_training_data_from_my_method.png used on in
put line 228.
(pdftex.def)             Requested size: 341.43582pt x 327.21513pt.
 [26 <./images/MIE_training_data_from_my_method.png>]
<images/Hist_example.png, id=140, 337.26pt x 130.4875pt>
File: images/Hist_example.png Graphic file (type png)

<use images/Hist_example.png>
Package pdftex.def Info: images/Hist_example.png used on input line 239.
(pdftex.def)             Requested size: 284.53154pt x 113.81189pt.

Underfull \hbox (badness 10000) in paragraph at lines 242--245

 []

[27 <./images/Hist_example.png (PNG copy)>]
<images/Att_full_None.png, id=144, 589.0005pt x 444.4605pt>
File: images/Att_full_None.png Graphic file (type png)

<use images/Att_full_None.png>
Package pdftex.def Info: images/Att_full_None.png used on input line 279.
(pdftex.def)             Requested size: 284.54147pt x 199.1712pt.
 [28]
<images/Att_full_Hist.png, id=149, 589.0005pt x 444.4605pt>
File: images/Att_full_Hist.png Graphic file (type png)

<use images/Att_full_Hist.png>
Package pdftex.def Info: images/Att_full_Hist.png used on input line 289.
(pdftex.def)             Requested size: 284.54147pt x 199.1712pt.

<images/Att_full_MIE.png, id=150, 589.0005pt x 444.4605pt>
File: images/Att_full_MIE.png Graphic file (type png)

<use images/Att_full_MIE.png>
Package pdftex.def Info: images/Att_full_MIE.png used on input line 301.
(pdftex.def)             Requested size: 284.54147pt x 199.1712pt.
 [29 <./images/Att_full_None.png> <./images/Att_full_Hist.png>] <images/Att_ful
l_Hist_MIE.png, id=156, 589.0005pt x 444.4605pt>
File: images/Att_full_Hist_MIE.png Graphic file (type png)

<use images/Att_full_Hist_MIE.png>
Package pdftex.def Info: images/Att_full_Hist_MIE.png used on input line 311.
(pdftex.def)             Requested size: 284.54147pt x 199.1712pt.

<images/Att_full_MIE_Hist.png, id=157, 589.0005pt x 444.4605pt>
File: images/Att_full_MIE_Hist.png Graphic file (type png)

<use images/Att_full_MIE_Hist.png>
Package pdftex.def Info: images/Att_full_MIE_Hist.png used on input line 317.
(pdftex.def)             Requested size: 284.54147pt x 199.1712pt.
 [30 <./images/Att_full_MIE.png> <./images/Att_full_Hist_MIE.png>]
Underfull \hbox (badness 10000) in paragraph at lines 324--327

 []

[31 <./images/Att_full_MIE_Hist.png>]
<images/Yale_half_None.png, id=167, 569.87906pt x 401.24907pt>
File: images/Yale_half_None.png Graphic file (type png)

<use images/Yale_half_None.png>
Package pdftex.def Info: images/Yale_half_None.png used on input line 345.
(pdftex.def)             Requested size: 284.52142pt x 199.17299pt.

<images/Yale_half_Hist.png, id=168, 562.35094pt x 410.2828pt>
File: images/Yale_half_Hist.png Graphic file (type png)

<use images/Yale_half_Hist.png>
Package pdftex.def Info: images/Yale_half_Hist.png used on input line 356.
(pdftex.def)             Requested size: 284.52986pt x 199.16847pt.
 [32 <./images/Yale_half_None.png>]
Underfull \hbox (badness 10000) in paragraph at lines 359--361

 []

<images/Yale_half_MIE.png, id=173, 559.33969pt x 389.20406pt>
File: images/Yale_half_MIE.png Graphic file (type png)

<use images/Yale_half_MIE.png>
Package pdftex.def Info: images/Yale_half_MIE.png used on input line 368.
(pdftex.def)             Requested size: 284.534pt x 199.1744pt.

Underfull \hbox (badness 10000) in paragraph at lines 371--373

 []

[33 <./images/Yale_half_Hist.png> <./images/Yale_half_MIE.png>]
<images/Yale_half_Hist_MIE.png, id=179, 561.59813pt x 393.72093pt>
File: images/Yale_half_Hist_MIE.png Graphic file (type png)

<use images/Yale_half_Hist_MIE.png>
Package pdftex.def Info: images/Yale_half_Hist_MIE.png used on input line 380.
(pdftex.def)             Requested size: 284.52602pt x 199.16693pt.

<images/Yale_half_MIE_Hist.png, id=180, 551.81157pt x 428.35031pt>
File: images/Yale_half_MIE_Hist.png Graphic file (type png)

<use images/Yale_half_MIE_Hist.png>
Package pdftex.def Info: images/Yale_half_MIE_Hist.png used on input line 386.
(pdftex.def)             Requested size: 284.53555pt x 199.16776pt.

Underfull \hbox (badness 10000) in paragraph at lines 394--398

 []

[34 <./images/Yale_half_Hist_MIE.png> <./images/Yale_half_MIE_Hist.png>]
Underfull \hbox (badness 10000) in paragraph at lines 399--403

 []


Underfull \hbox (badness 10000) in paragraph at lines 404--408

 []


Underfull \hbox (badness 10000) in paragraph at lines 409--415

 []


Underfull \hbox (badness 10000) in paragraph at lines 416--419

 []

[35]
Underfull \hbox (badness 10000) in paragraph at lines 427--429

 []


Underfull \hbox (badness 10000) in paragraph at lines 430--436

 []


Underfull \hbox (badness 10000) in paragraph at lines 437--439

 []


Underfull \hbox (badness 10000) in paragraph at lines 440--445

 []

[36]) [37]
Chapter 4.
(Chapters/Chp_Assignment.tex
Underfull \hbox (badness 10000) in paragraph at lines 2--7

 []


Underfull \hbox (badness 10000) in paragraph at lines 8--12

 []


Underfull \hbox (badness 10000) in paragraph at lines 13--19

 []

[38

] <images/Assign_part1.png, id=199, 295.1025pt x 268.75406pt>
File: images/Assign_part1.png Graphic file (type png)

<use images/Assign_part1.png>
Package pdftex.def Info: images/Assign_part1.png used on input line 34.
(pdftex.def)             Requested size: 270.3043pt x 270.30351pt.

<images/Assign_part2.png, id=200, 295.1025pt x 268.75406pt>
File: images/Assign_part2.png Graphic file (type png)

<use images/Assign_part2.png>
Package pdftex.def Info: images/Assign_part2.png used on input line 45.
(pdftex.def)             Requested size: 270.3043pt x 270.30351pt.
 [39 <./images/Assign_part1.png>]
Underfull \hbox (badness 10000) in paragraph at lines 54--60

 []


Underfull \hbox (badness 10000) in paragraph at lines 61--67

 []

[40 <./images/Assign_part2.png>]
Underfull \hbox (badness 10000) in paragraph at lines 68--75

 []


Underfull \hbox (badness 10000) in paragraph at lines 76--83

 []

[41] <images/select_step_1_Hungarian.png, id=213, 100.12407pt x 87.32625pt>
File: images/select_step_1_Hungarian.png Graphic file (type png)

<use images/select_step_1_Hungarian.png>
Package pdftex.def Info: images/select_step_1_Hungarian.png used on input line 
99.
(pdftex.def)             Requested size: 142.28409pt x 142.28456pt.

<images/select_step_1_1_Hungarian.png, id=214, 100.12407pt x 87.32625pt>
File: images/select_step_1_1_Hungarian.png Graphic file (type png)

<use images/select_step_1_1_Hungarian.png>
Package pdftex.def Info: images/select_step_1_1_Hungarian.png used on input lin
e 107.
(pdftex.def)             Requested size: 142.28409pt x 142.28456pt.

<images/select_step_2_Hungarian.png, id=215, 414.79968pt x 405.76593pt>
File: images/select_step_2_Hungarian.png Graphic file (type png)

<use images/select_step_2_Hungarian.png>
Package pdftex.def Info: images/select_step_2_Hungarian.png used on input line 
115.
(pdftex.def)             Requested size: 142.26424pt x 142.26785pt.
 [42 <./images/select_step_1_Hungarian.png> <./images/select_step_1_1_Hungarian
.png>]
Underfull \hbox (badness 10000) in paragraph at lines 119--124

 []

<images/select_step_3_Hungarian.png, id=221, 414.79968pt x 405.76593pt>
File: images/select_step_3_Hungarian.png Graphic file (type png)

<use images/select_step_3_Hungarian.png>
Package pdftex.def Info: images/select_step_3_Hungarian.png used on input line 
136.
(pdftex.def)             Requested size: 142.26424pt x 142.26785pt.
 [43 <./images/select_step_2_Hungarian.png> <./images/select_step_3_Hungarian.p
ng>]
<images/select_step_4_Hungarian.png, id=227, 494.59781pt x 472.76625pt>
File: images/select_step_4_Hungarian.png Graphic file (type png)

<use images/select_step_4_Hungarian.png>
Package pdftex.def Info: images/select_step_4_Hungarian.png used on input line 
152.
(pdftex.def)             Requested size: 142.2599pt x 142.2638pt.

<images/select_step_5_Hungarian.png, id=228, 478.78876pt x 475.02469pt>
File: images/select_step_5_Hungarian.png Graphic file (type png)

<use images/select_step_5_Hungarian.png>
Package pdftex.def Info: images/select_step_5_Hungarian.png used on input line 
162.
(pdftex.def)             Requested size: 142.26425pt x 142.26205pt.

<images/select_step_6_Hungarian.png, id=229, 417.81094pt x 408.02437pt>
File: images/select_step_6_Hungarian.png Graphic file (type png)

<use images/select_step_6_Hungarian.png>
Package pdftex.def Info: images/select_step_6_Hungarian.png used on input line 
173.
(pdftex.def)             Requested size: 142.26422pt x 142.26279pt.
 [44 <./images/select_step_4_Hungarian.png> <./images/select_step_5_Hungarian.p
ng>]
Underfull \hbox (badness 10000) in paragraph at lines 176--179

 []


Underfull \hbox (badness 10000) in paragraph at lines 184--188

 []

LaTeX Font Info:    Try loading font information for OT1+pcr on input line 192.

("C:\Program Files (x86)\MiKTeX 2.9\tex\latex\psnfss\ot1pcr.fd"
File: ot1pcr.fd 2001/06/04 font definitions for OT1/pcr.
)
Underfull \hbox (badness 10000) in paragraph at lines 189--195

 []

[45 <./images/select_step_6_Hungarian.png>]
Underfull \hbox (badness 10000) in paragraph at lines 196--199

 []

) [46]
Chapter 5.
(chapters/conclusion.tex
Underfull \hbox (badness 10000) in paragraph at lines 2--6

 []


Underfull \hbox (badness 10000) in paragraph at lines 14--20

 []

[47

]
Underfull \hbox (badness 10000) in paragraph at lines 21--26

 []


Underfull \hbox (badness 10000) in paragraph at lines 27--30

 []


Underfull \hbox (badness 10000) in paragraph at lines 31--36

 []


Underfull \hbox (badness 10000) in paragraph at lines 43--46

 []


Underfull \hbox (badness 10000) in paragraph at lines 47--52

 []

[48]
Underfull \hbox (badness 10000) in paragraph at lines 59--62

 []


Underfull \hbox (badness 10000) in paragraph at lines 63--68

 []


Underfull \hbox (badness 10000) in paragraph at lines 69--72

 []

) [49]
Appendix A.
(chapters/appendix.tex
Underfull \hbox (badness 10000) in paragraph at lines 1--4

 []


Underfull \hbox (badness 10000) in paragraph at lines 5--8

 []


Underfull \hbox (badness 10000) in paragraph at lines 9--14

 []

[50

] ("C:\Program Files (x86)\MiKTeX 2.9\tex\latex\listings\lstlang1.sty"
File: lstlang1.sty 2014/09/06 1.5e listings language file
)
LaTeX Font Info:    Font shape `OMS/cmr/m/n' in size <10> not available
(Font)              Font shape `OMS/cmsy/m/n' tried instead on input line 24.
LaTeX Font Info:    Try loading font information for OML+cmr on input line 37.

("C:\Program Files (x86)\MiKTeX 2.9\tex\latex\base\omlcmr.fd"
File: omlcmr.fd 2014/09/29 v2.5h Standard LaTeX font definitions
)
LaTeX Font Info:    Font shape `OML/cmr/m/n' in size <10> not available
(Font)              Font shape `OML/cmm/m/it' tried instead on input line 37.
 [51] [52])
(Thesis_g12k1298.bbl [53]
Underfull \hbox (badness 10000) in paragraph at lines 10--14
[]\OT1/cmr/m/n/12 Digital multi-media de-sign.  $\OT1/pcr/m/n/12 http : / / dmm
d . net / main _ wp /
 []


Underfull \hbox (badness 10000) in paragraph at lines 16--19
[]\OT1/cmr/m/n/12 Fingerprint iden-ti-fi-ca-tion.  $\OT1/pcr/m/n/12 http : / / 
biometrics . cse . msu . edu / pubs /
 []


Underfull \hbox (badness 10000) in paragraph at lines 21--25
[]\OT1/cmr/m/n/12 Harvard uni-ver-sity.  $\OT1/pcr/m/n/12 http : / / www . math
 . harvard . edu / archive / 20 _
 []


Underfull \hbox (badness 10000) in paragraph at lines 35--39
[]\OT1/cmr/m/n/12 Opencv.  $\OT1/pcr/m/n/12 http : / / answers . opencv . org /
 question / 3494 /
 []


Underfull \hbox (badness 1430) in paragraph at lines 41--45
[]\OT1/cmr/m/n/12 Opencv recog-ni-tion tu-to-ri-als.  $\OT1/pcr/m/n/12 http : /
 / docs . opencv . org / 2 . 4 / modules /
 []


Underfull \hbox (badness 3449) in paragraph at lines 51--54
[]\OT1/cmr/m/n/12 University of cal-i-for-nia.  $\OT1/pcr/m/n/12 http : / / www
 . math . uci . edu / icamp / courses /
 []

[54

] [55]) 
AED: lastpage setting LastPage
[56] (Thesis_g12k1298.aux) ) 
Here is how much of TeX's memory you used:
 6552 strings out of 493698
 89909 string characters out of 3141994
 354302 words of memory out of 3000000
 9719 multiletter control sequences out of 15000+200000
 11749 words of font info for 42 fonts, out of 3000000 for 9000
 1025 hyphenation exceptions out of 8191
 34i,12n,45p,816b,1897s stack positions out of 5000i,500n,10000p,200000b,50000s
{C:/Program Files (x86)/MiKTeX 2.9/fonts/enc/dvips/
fontname/8r.enc}<C:/Program Files (x86)/MiKTeX 2.9/fonts/type1/public/amsfonts/
cm/cmbx12.pfb><C:/Program Files (x86)/MiKTeX 2.9/fonts/type1/public/amsfonts/cm
/cmcsc10.pfb><C:/Program Files (x86)/MiKTeX 2.9/fonts/type1/public/amsfonts/cm/
cmex10.pfb><C:/Program Files (x86)/MiKTeX 2.9/fonts/type1/public/amsfonts/cm/cm
mi10.pfb><C:/Program Files (x86)/MiKTeX 2.9/fonts/type1/public/amsfonts/cm/cmmi
12.pfb><C:/Program Files (x86)/MiKTeX 2.9/fonts/type1/public/amsfonts/cm/cmmi6.
pfb><C:/Program Files (x86)/MiKTeX 2.9/fonts/type1/public/amsfonts/cm/cmmi8.pfb
><C:/Program Files (x86)/MiKTeX 2.9/fonts/type1/public/amsfonts/cm/cmr10.pfb><C
:/Program Files (x86)/MiKTeX 2.9/fonts/type1/public/amsfonts/cm/cmr12.pfb><C:/P
rogram Files (x86)/MiKTeX 2.9/fonts/type1/public/amsfonts/cm/cmr17.pfb><C:/Prog
ram Files (x86)/MiKTeX 2.9/fonts/type1/public/amsfonts/cm/cmr6.pfb><C:/Program 
Files (x86)/MiKTeX 2.9/fonts/type1/public/amsfonts/cm/cmr8.pfb><C:/Program File
s (x86)/MiKTeX 2.9/fonts/type1/public/amsfonts/cm/cmsl12.pfb><C:/Program Files 
(x86)/MiKTeX 2.9/fonts/type1/public/amsfonts/cm/cmsy10.pfb><C:/Program Files (x
86)/MiKTeX 2.9/fonts/type1/public/amsfonts/cm/cmsy6.pfb><C:/Program Files (x86)
/MiKTeX 2.9/fonts/type1/public/amsfonts/cm/cmsy8.pfb><C:/Program Files (x86)/Mi
KTeX 2.9/fonts/type1/public/amsfonts/cm/cmti12.pfb><C:/Program Files (x86)/MiKT
eX 2.9/fonts/type1/urw/courier/ucrr8a.pfb>
Output written on Thesis_g12k1298.pdf (65 pages, 1533889 bytes).
PDF statistics:
 337 PDF objects out of 1000 (max. 8388607)
 0 named destinations out of 1000 (max. 500000)
 136 words of extra memory for PDF output out of 10000 (max. 10000000)

